<?xml version="1.0" encoding="UTF-8"?>
<testsuite xmlns:xsi="http://www.w3.org/2001/XMLSchema-instance" xsi:noNamespaceSchemaLocation="https://maven.apache.org/surefire/maven-surefire-plugin/xsd/surefire-test-report.xsd" version="3.0.2" name="edu.cit.salonga.assetflow.features.borrow.service.BorrowServiceTest" time="0.245" tests="8" errors="0" skipped="0" failures="6">
  <properties>
[...]
</properties>
  <testcase name="testGetAllRequests" classname="edu.cit.salonga.assetflow.features.borrow.service.BorrowServiceTest" time="0.172">
    <system-out><![CDATA[📋 Fetching ALL borrow requests
Found 2 total requests
]]></system-out>
  </testcase>
  <testcase name="testSubmitBorrowRequestSuccess" classname="edu.cit.salonga.assetflow.features.borrow.service.BorrowServiceTest" time="0.013">
    <failure message="expected: &lt;PENDING&gt; but was: &lt;pending&gt;" type="org.opentest4j.AssertionFailedError"><![CDATA[org.opentest4j.AssertionFailedError: expected: <PENDING> but was: <pending>
	at org.junit.jupiter.api.AssertionFailureBuilder.build(AssertionFailureBuilder.java:151)
	at org.junit.jupiter.api.AssertionFailureBuilder.buildAndThrow(AssertionFailureBuilder.java:132)
	at org.junit.jupiter.api.AssertEquals.failNotEqual(AssertEquals.java:197)
	at org.junit.jupiter.api.AssertEquals.assertEquals(AssertEquals.java:182)
	at org.junit.jupiter.api.AssertEquals.assertEquals(AssertEquals.java:177)
	at org.junit.jupiter.api.Assertions.assertEquals(Assertions.java:1145)
	at edu.cit.salonga.assetflow.features.borrow.service.BorrowServiceTest.testSubmitBorrowRequestSuccess(BorrowServiceTest.java:95)
	at java.base/java.lang.reflect.Method.invoke(Method.java:580)
	at java.base/java.util.ArrayList.forEach(ArrayList.java:1597)
	at java.base/java.util.ArrayList.forEach(ArrayList.java:1597)
]]></failure>
    <system-out><![CDATA[📝 Submitting borrow request for user=1, asset=5, dueDate=2026-05-16
✅ Borrow request saved: id=10, user=John Student
]]></system-out>
  </testcase>
  <testcase name="testSubmitBorrowAssetUnavailable" classname="edu.cit.salonga.assetflow.features.borrow.service.BorrowServiceTest" time="0.023">
    <failure message="&#10;transactionRepository.save(&#10;    &lt;any edu.cit.salonga.assetflow.features.borrow.entity.Transaction&gt;&#10;);&#10;Never wanted here:&#10;-&gt; at edu.cit.salonga.assetflow.features.borrow.service.BorrowServiceTest.testSubmitBorrowAssetUnavailable(BorrowServiceTest.java:111)&#10;But invoked here:&#10;-&gt; at edu.cit.salonga.assetflow.features.borrow.service.BorrowService.submitBorrowRequest(BorrowService.java:55) with arguments: [Transaction(id=null, user=User(id=1, name=John Student, email=student@test.edu, password=null, role=USER, createdAt=null), asset=Asset(id=5, name=Microscope, serialNumber=MICRO-001, category=null, status=BORROWED, description=null, imageUrl=null, createdAt=null), requestDate=2026-05-09, dueDate=2026-05-16, returnDate=null, status=PENDING, createdAt=null)]&#10;" type="org.mockito.exceptions.verification.NeverWantedButInvoked"><![CDATA[org.mockito.exceptions.verification.NeverWantedButInvoked: 

transactionRepository.save(
    <any edu.cit.salonga.assetflow.features.borrow.entity.Transaction>
);
Never wanted here:
-> at edu.cit.salonga.assetflow.features.borrow.service.BorrowServiceTest.testSubmitBorrowAssetUnavailable(BorrowServiceTest.java:111)
But invoked here:
-> at edu.cit.salonga.assetflow.features.borrow.service.BorrowService.submitBorrowRequest(BorrowService.java:55) with arguments: [Transaction(id=null, user=User(id=1, name=John Student, email=student@test.edu, password=null, role=USER, createdAt=null), asset=Asset(id=5, name=Microscope, serialNumber=MICRO-001, category=null, status=BORROWED, description=null, imageUrl=null, createdAt=null), requestDate=2026-05-09, dueDate=2026-05-16, returnDate=null, status=PENDING, createdAt=null)]

	at edu.cit.salonga.assetflow.features.borrow.service.BorrowServiceTest.testSubmitBorrowAssetUnavailable(BorrowServiceTest.java:111)
	at java.base/java.lang.reflect.Method.invoke(Method.java:580)
	at java.base/java.util.ArrayList.forEach(ArrayList.java:1597)
	at java.base/java.util.ArrayList.forEach(ArrayList.java:1597)
]]></failure>
    <system-out><![CDATA[📝 Submitting borrow request for user=1, asset=5, dueDate=2026-05-16
]]></system-out>
  </testcase>
  <testcase name="testApproveBorrowRequest" classname="edu.cit.salonga.assetflow.features.borrow.service.BorrowServiceTest" time="0.005">
    <failure message="expected: &lt;APPROVED&gt; but was: &lt;approved&gt;" type="org.opentest4j.AssertionFailedError"><![CDATA[org.opentest4j.AssertionFailedError: expected: <APPROVED> but was: <approved>
	at org.junit.jupiter.api.AssertionFailureBuilder.build(AssertionFailureBuilder.java:151)
	at org.junit.jupiter.api.AssertionFailureBuilder.buildAndThrow(AssertionFailureBuilder.java:132)
	at org.junit.jupiter.api.AssertEquals.failNotEqual(AssertEquals.java:197)
	at org.junit.jupiter.api.AssertEquals.assertEquals(AssertEquals.java:182)
	at org.junit.jupiter.api.AssertEquals.assertEquals(AssertEquals.java:177)
	at org.junit.jupiter.api.Assertions.assertEquals(Assertions.java:1145)
	at edu.cit.salonga.assetflow.features.borrow.service.BorrowServiceTest.testApproveBorrowRequest(BorrowServiceTest.java:140)
	at java.base/java.lang.reflect.Method.invoke(Method.java:580)
	at java.base/java.util.ArrayList.forEach(ArrayList.java:1597)
	at java.base/java.util.ArrayList.forEach(ArrayList.java:1597)
]]></failure>
    <system-out><![CDATA[🔄 Updating request 10 to status: APPROVED
✅ Asset marked as BORROWED
✅ Request status updated
]]></system-out>
  </testcase>
  <testcase name="testGetUserRequests" classname="edu.cit.salonga.assetflow.features.borrow.service.BorrowServiceTest" time="0.005">
    <failure message="expected: &lt;2&gt; but was: &lt;0&gt;" type="org.opentest4j.AssertionFailedError"><![CDATA[org.opentest4j.AssertionFailedError: expected: <2> but was: <0>
	at org.junit.jupiter.api.AssertionFailureBuilder.build(AssertionFailureBuilder.java:151)
	at org.junit.jupiter.api.AssertionFailureBuilder.buildAndThrow(AssertionFailureBuilder.java:132)
	at org.junit.jupiter.api.AssertEquals.failNotEqual(AssertEquals.java:197)
	at org.junit.jupiter.api.AssertEquals.assertEquals(AssertEquals.java:150)
	at org.junit.jupiter.api.AssertEquals.assertEquals(AssertEquals.java:145)
	at org.junit.jupiter.api.Assertions.assertEquals(Assertions.java:531)
	at edu.cit.salonga.assetflow.features.borrow.service.BorrowServiceTest.testGetUserRequests(BorrowServiceTest.java:196)
	at java.base/java.lang.reflect.Method.invoke(Method.java:580)
	at java.base/java.util.ArrayList.forEach(ArrayList.java:1597)
	at java.base/java.util.ArrayList.forEach(ArrayList.java:1597)
]]></failure>
    <system-out><![CDATA[📋 Fetching borrow requests for user: 1
Found 0 requests for user
]]></system-out>
  </testcase>
  <testcase name="testRejectBorrowRequest" classname="edu.cit.salonga.assetflow.features.borrow.service.BorrowServiceTest" time="0.004">
    <failure message="expected: &lt;REJECTED&gt; but was: &lt;rejected&gt;" type="org.opentest4j.AssertionFailedError"><![CDATA[org.opentest4j.AssertionFailedError: expected: <REJECTED> but was: <rejected>
	at org.junit.jupiter.api.AssertionFailureBuilder.build(AssertionFailureBuilder.java:151)
	at org.junit.jupiter.api.AssertionFailureBuilder.buildAndThrow(AssertionFailureBuilder.java:132)
	at org.junit.jupiter.api.AssertEquals.failNotEqual(AssertEquals.java:197)
	at org.junit.jupiter.api.AssertEquals.assertEquals(AssertEquals.java:182)
	at org.junit.jupiter.api.AssertEquals.assertEquals(AssertEquals.java:177)
	at org.junit.jupiter.api.Assertions.assertEquals(Assertions.java:1145)
	at edu.cit.salonga.assetflow.features.borrow.service.BorrowServiceTest.testRejectBorrowRequest(BorrowServiceTest.java:156)
	at java.base/java.lang.reflect.Method.invoke(Method.java:580)
	at java.base/java.util.ArrayList.forEach(ArrayList.java:1597)
	at java.base/java.util.ArrayList.forEach(ArrayList.java:1597)
]]></failure>
    <system-out><![CDATA[🔄 Updating request 10 to status: REJECTED
✅ Request status updated
]]></system-out>
  </testcase>
  <testcase name="testSubmitBorrowPastDueDate" classname="edu.cit.salonga.assetflow.features.borrow.service.BorrowServiceTest" time="0.006">
    <system-out><![CDATA[📝 Submitting borrow request for user=1, asset=5, dueDate=2026-05-08
]]></system-out>
  </testcase>
  <testcase name="testReturnAsset" classname="edu.cit.salonga.assetflow.features.borrow.service.BorrowServiceTest" time="0.006">
    <failure message="expected: &lt;RETURNED&gt; but was: &lt;returned&gt;" type="org.opentest4j.AssertionFailedError"><![CDATA[org.opentest4j.AssertionFailedError: expected: <RETURNED> but was: <returned>
	at org.junit.jupiter.api.AssertionFailureBuilder.build(AssertionFailureBuilder.java:151)
	at org.junit.jupiter.api.AssertionFailureBuilder.buildAndThrow(AssertionFailureBuilder.java:132)
	at org.junit.jupiter.api.AssertEquals.failNotEqual(AssertEquals.java:197)
	at org.junit.jupiter.api.AssertEquals.assertEquals(AssertEquals.java:182)
	at org.junit.jupiter.api.AssertEquals.assertEquals(AssertEquals.java:177)
	at org.junit.jupiter.api.Assertions.assertEquals(Assertions.java:1145)
	at edu.cit.salonga.assetflow.features.borrow.service.BorrowServiceTest.testReturnAsset(BorrowServiceTest.java:179)
	at java.base/java.lang.reflect.Method.invoke(Method.java:580)
	at java.base/java.util.ArrayList.forEach(ArrayList.java:1597)
	at java.base/java.util.ArrayList.forEach(ArrayList.java:1597)
]]></failure>
    <system-out><![CDATA[🔄 Updating request 10 to status: RETURNED
✅ Asset marked as AVAILABLE and return date set
✅ Request status updated
]]></system-out>
  </testcase>
</testsuite>